2024-08-13 09:21:56,587 [__main__] [INFO] :: *** 09h-21m-56s START ***
2024-08-13 09:21:56,587 [__main__] [INFO] :: *** PID: 2352669 ***
2024-08-13 09:22:08,486 [__main__] [INFO] ::  ** Initialize history **
2024-08-13 09:22:50,413 [__main__] [INFO] :: Recognized text: 안녕
2024-08-13 09:22:53,122 [__main__] [INFO] :: Model response: 
안녕하세요! 프랭크버거 매장입니다. 주문 도와드리겠습니다. 메뉴를 선택해주세요.
2024-08-13 09:22:53,146 [__main__] [INFO] :: *** Time taken: 2.43s ***
2024-08-13 09:22:53,146 [__main__] [INFO] :: ----------------------------------------------------------------------------------------------------
2024-08-13 09:22:56,859 [__main__] [INFO] :: Recognized text: 안녕
2024-08-13 09:22:58,237 [__main__] [ERROR] :: Model did not generate a valid response
2024-08-13 09:22:58,239 [__main__] [INFO] :: *** Time taken: 1.28s ***
2024-08-13 09:22:58,239 [__main__] [INFO] :: ----------------------------------------------------------------------------------------------------
2024-08-13 09:30:17,502 [__main__] [INFO] :: Recognized text: 안녕
2024-08-13 09:30:18,850 [__main__] [ERROR] :: Model did not generate a valid response
2024-08-13 09:30:18,852 [__main__] [INFO] :: *** Time taken: 1.27s ***
2024-08-13 09:30:18,852 [__main__] [INFO] :: ----------------------------------------------------------------------------------------------------
2024-08-13 09:33:31,834 [__main__] [INFO] :: Recognized text: 안녕
2024-08-13 09:33:33,187 [__main__] [ERROR] :: Model did not generate a valid response
2024-08-13 09:33:33,192 [__main__] [INFO] :: *** Time taken: 1.28s ***
2024-08-13 09:33:33,193 [__main__] [INFO] :: ----------------------------------------------------------------------------------------------------
2024-08-13 09:39:35,228 [__main__] [INFO] :: Recognized text: 안녕
2024-08-13 09:39:36,638 [__main__] [ERROR] :: Model did not generate a valid response
2024-08-13 09:39:36,641 [__main__] [INFO] :: *** Time taken: 1.28s ***
2024-08-13 09:39:36,641 [__main__] [INFO] :: ----------------------------------------------------------------------------------------------------
2024-08-13 09:40:05,972 [__main__] [INFO] :: Recognized text: 안녕
2024-08-13 09:40:07,362 [__main__] [ERROR] :: Model did not generate a valid response
2024-08-13 09:40:07,367 [__main__] [INFO] :: *** Time taken: 1.28s ***
2024-08-13 09:40:07,367 [__main__] [INFO] :: ----------------------------------------------------------------------------------------------------
2024-08-13 09:40:15,933 [__main__] [INFO] :: Recognized text: 안녕
2024-08-13 09:40:17,286 [__main__] [ERROR] :: Model did not generate a valid response
2024-08-13 09:40:17,289 [__main__] [INFO] :: *** Time taken: 1.28s ***
2024-08-13 09:40:17,289 [__main__] [INFO] :: ----------------------------------------------------------------------------------------------------
2024-08-13 09:41:57,206 [__main__] [INFO] :: Recognized text: 안녕
2024-08-13 09:41:58,636 [__main__] [ERROR] :: Model did not generate a valid response
2024-08-13 09:41:58,641 [__main__] [INFO] :: *** Time taken: 1.28s ***
2024-08-13 09:41:58,641 [__main__] [INFO] :: ----------------------------------------------------------------------------------------------------
2024-08-13 09:53:17,040 [__main__] [INFO] :: Recognized text: 안녕
2024-08-13 09:53:18,475 [__main__] [ERROR] :: Model did not generate a valid response
2024-08-13 09:53:18,481 [__main__] [INFO] :: *** Time taken: 1.28s ***
2024-08-13 09:53:18,481 [__main__] [INFO] :: ----------------------------------------------------------------------------------------------------
2024-08-13 09:53:30,274 [__main__] [INFO] :: Recognized text: 안녕
2024-08-13 09:53:31,686 [__main__] [ERROR] :: Model did not generate a valid response
2024-08-13 09:53:31,692 [__main__] [INFO] :: *** Time taken: 1.28s ***
2024-08-13 09:53:31,692 [__main__] [INFO] :: ----------------------------------------------------------------------------------------------------
2024-08-13 09:53:36,231 [__main__] [INFO] :: Recognized text: 안녕
2024-08-13 09:53:37,641 [__main__] [ERROR] :: Model did not generate a valid response
2024-08-13 09:53:37,644 [__main__] [INFO] :: *** Time taken: 1.28s ***
2024-08-13 09:53:37,644 [__main__] [INFO] :: ----------------------------------------------------------------------------------------------------
2024-08-13 09:55:11,794 [__main__] [INFO] :: Recognized text: 안녕
2024-08-13 09:55:13,197 [__main__] [ERROR] :: Model did not generate a valid response
2024-08-13 09:55:13,202 [__main__] [INFO] :: *** Time taken: 1.28s ***
2024-08-13 09:55:13,202 [__main__] [INFO] :: ----------------------------------------------------------------------------------------------------
2024-08-13 09:57:41,391 [__main__] [INFO] :: Recognized text: 안녕
2024-08-13 09:57:42,807 [__main__] [ERROR] :: Model did not generate a valid response
2024-08-13 09:57:42,810 [__main__] [INFO] :: *** Time taken: 1.28s ***
2024-08-13 09:57:42,810 [__main__] [INFO] :: ----------------------------------------------------------------------------------------------------
