2024-08-13 10:05:57,106 [__main__] [INFO] :: *** 10h-05m-57s START ***
2024-08-13 10:05:57,106 [__main__] [INFO] :: *** PID: 2437530 ***
2024-08-13 10:06:08,479 [__main__] [INFO] ::  ** Initialize history **
2024-08-13 10:06:10,997 [__main__] [INFO] :: Recognized text: 안녕
2024-08-13 10:06:13,652 [__main__] [INFO] :: Model response: 
안녕하세요! 프랭크버거 매장입니다. 주문 도와드리겠습니다. 메뉴를 선택해주세요.
2024-08-13 10:06:13,667 [__main__] [INFO] :: *** Time taken: 2.41s ***
2024-08-13 10:06:13,667 [__main__] [INFO] :: ----------------------------------------------------------------------------------------------------
2024-08-13 10:06:19,650 [__main__] [INFO] :: Recognized text: 안녕
2024-08-13 10:06:21,002 [__main__] [ERROR] :: Model did not generate a valid response
2024-08-13 10:06:21,005 [__main__] [INFO] :: *** Time taken: 1.28s ***
2024-08-13 10:06:21,006 [__main__] [INFO] :: ----------------------------------------------------------------------------------------------------
2024-08-13 10:07:11,357 [__main__] [INFO] :: Recognized text: 안녕
2024-08-13 10:07:12,708 [__main__] [ERROR] :: Model did not generate a valid response
2024-08-13 10:07:12,710 [__main__] [INFO] :: *** Time taken: 1.27s ***
2024-08-13 10:07:12,710 [__main__] [INFO] :: ----------------------------------------------------------------------------------------------------
2024-08-13 10:07:15,689 [__main__] [INFO] :: Recognized text: 안녕
2024-08-13 10:07:17,079 [__main__] [ERROR] :: Model did not generate a valid response
2024-08-13 10:07:17,082 [__main__] [INFO] :: *** Time taken: 1.28s ***
2024-08-13 10:07:17,082 [__main__] [INFO] :: ----------------------------------------------------------------------------------------------------
